<?xml version="1.0" encoding="UTF-8"?><testsuite name="nosetests" tests="6" errors="0" failures="0" skip="0"><testcase classname="vinay.tests.test_first.TestSomethingElse" name="test_name" time="10.008"></testcase><testcase classname="vinay.tests.test_first.TestSomethingElse" name="test_name1" time="1.002"></testcase><testcase classname="vinay.tests.test_first.TestSomethingElse" name="test_name2" time="2.003"></testcase><testcase classname="vinay.tests.test_second.TestSomething" name="test_name" time="5.002"></testcase><testcase classname="vinay.tests.test_second.TestSomething" name="test_name1" time="1.002"></testcase><testcase classname="vinay.tests.test_second.TestSomething" name="test_name2" time="2.003"></testcase></testsuite>